<?xml version="1.0" encoding="UTF-8"?>
<!-- Generated by org.testng.reporters.JUnitReportReporter -->
<testsuite hostname="home-laptop" failures="0" tests="5" name="com.opencart.tests.SearchTest" time="70.202" errors="0" timestamp="2024-02-18T16:28:22 IST" skipped="0">
  <testcase classname="com.opencart.tests.SearchTest" name="searchWithValidKeyword" time="9.738"/>
  <system-out/>
  <testcase classname="com.opencart.tests.SearchTest" name="searchForNonExistingProduct" time="32.550"/>
  <system-out/>
  <testcase classname="com.opencart.tests.SearchTest" name="sarchWithoutProductName" time="9.161"/>
  <system-out/>
  <testcase classname="com.opencart.tests.SearchTest" name="searchWithCaseInSensitiveProductName" time="9.695"/>
  <system-out/>
  <testcase classname="com.opencart.tests.SearchTest" name="searchWithMultipleKeyword" time="9.058"/>
  <system-out/>
</testsuite> <!-- com.opencart.tests.SearchTest -->
