<?xml version="1.0" encoding="UTF-8"?>
<!-- Generated by org.testng.reporters.JUnitReportReporter -->
<testsuite hostname="home-laptop" failures="0" tests="5" name="com.opencart.tests.LoginTest" time="58.765" errors="0" timestamp="2024-02-15T15:11:46 IST" skipped="0">
  <testcase classname="com.opencart.tests.LoginTest" name="testLoginLinkDisplay" time="11.300"/>
  <system-out/>
  <testcase classname="com.opencart.tests.LoginTest" name="loginWithTrueEmailAndTruePassword" time="14.352"/>
  <system-out/>
  <testcase classname="com.opencart.tests.LoginTest" name="loginWithTrueEmailAndFalsePassword" time="10.890"/>
  <system-out/>
  <testcase classname="com.opencart.tests.LoginTest" name="loginWithFalseEmailAndTruePassword" time="10.910"/>
  <system-out/>
  <testcase classname="com.opencart.tests.LoginTest" name="loginWithFalseEmailAndFalsePassword" time="11.313"/>
  <system-out/>
</testsuite> <!-- com.opencart.tests.LoginTest -->
