<?xml version="1.0" encoding="UTF-8"?>
<!-- Generated by org.testng.reporters.JUnitReportReporter -->
<testsuite hostname="home-laptop" failures="0" tests="5" name="com.opencart.tests.SearchTest" time="62.162" errors="0" timestamp="2024-10-17T20:47:42 IST" skipped="0">
  <testcase classname="com.opencart.tests.SearchTest" name="searchWithValidKeyword" time="12.104"/>
  <system-out/>
  <testcase classname="com.opencart.tests.SearchTest" name="searchForNonExistingProduct" time="12.644"/>
  <system-out/>
  <testcase classname="com.opencart.tests.SearchTest" name="sarchWithoutProductName" time="12.188"/>
  <system-out/>
  <testcase classname="com.opencart.tests.SearchTest" name="searchWithCaseInSensitiveProductName" time="12.812"/>
  <system-out/>
  <testcase classname="com.opencart.tests.SearchTest" name="searchWithMultipleKeyword" time="12.414"/>
  <system-out/>
</testsuite> <!-- com.opencart.tests.SearchTest -->
