<?xml version="1.0" encoding="UTF-8"?>
<!-- Generated by org.testng.reporters.JUnitReportReporter -->
<testsuite hostname="home-laptop" failures="0" tests="2" name="com.opencart.tests.LogoutTest" time="24.658" errors="0" timestamp="2024-02-15T20:28:36 IST" skipped="0">
  <testcase classname="com.opencart.tests.LogoutTest" name="validateLoginFromMyaccountOptions" time="13.364"/>
  <system-out/>
  <testcase classname="com.opencart.tests.LogoutTest" name="validateLoginFromColumn" time="11.294"/>
  <system-out/>
</testsuite> <!-- com.opencart.tests.LogoutTest -->
