<?xml version="1.0" encoding="UTF-8"?>
<!-- Generated by org.testng.reporters.JUnitReportReporter -->
<testsuite hostname="home-laptop" failures="0" tests="3" name="com.opencart.tests.RegisterTest" time="63.213" errors="0" timestamp="2024-10-17T20:47:42 IST" skipped="0">
  <testcase classname="com.opencart.tests.RegisterTest" name="testValidRegistration" time="19.856"/>
  <system-out/>
  <testcase classname="com.opencart.tests.RegisterTest" name="testRegistrationWithExistingEmail" time="17.114"/>
  <system-out/>
  <testcase classname="com.opencart.tests.RegisterTest" name="testRegistrationWithInvalidPasswordConfirmation" time="26.243"/>
  <system-out/>
</testsuite> <!-- com.opencart.tests.RegisterTest -->
