<?xml version="1.0" encoding="UTF-8"?>
<!-- Generated by org.testng.reporters.JUnitReportReporter -->
<testsuite hostname="home-laptop" failures="0" tests="4" name="com.opencart.tests.LoginTest" time="58.791" errors="0" timestamp="2024-10-17T20:47:42 IST" skipped="0">
  <testcase classname="com.opencart.tests.LoginTest" name="loginWithValidEmailAndPassword" time="15.789"/>
  <system-out/>
  <testcase classname="com.opencart.tests.LoginTest" name="loginWithTrueEmailAndFalsePassword" time="14.132"/>
  <system-out/>
  <testcase classname="com.opencart.tests.LoginTest" name="loginWithFalseEmailAndTruePassword" time="14.327"/>
  <system-out/>
  <testcase classname="com.opencart.tests.LoginTest" name="loginWithFalseEmailAndFalsePassword" time="14.543"/>
  <system-out/>
</testsuite> <!-- com.opencart.tests.LoginTest -->
