<?xml version="1.0" encoding="UTF-8"?>
<!-- Generated by org.testng.reporters.JUnitReportReporter -->
<testsuite hostname="home-laptop" failures="0" tests="2" name="com.opencart.tests.LogoutTest" time="31.939" errors="0" timestamp="2024-10-17T20:47:42 IST" skipped="0">
  <testcase classname="com.opencart.tests.LogoutTest" name="validateLoginFromMyaccountOptions" time="16.482"/>
  <system-out/>
  <testcase classname="com.opencart.tests.LogoutTest" name="validateLoginFromColumn" time="15.457"/>
  <system-out/>
</testsuite> <!-- com.opencart.tests.LogoutTest -->
